<?xml version="1.0" encoding="UTF-8"?>
<testsuite name="com.kodilla.testing.collection.CollectionTestSuite" tests="2" skipped="0" failures="0" errors="0" timestamp="2019-01-24T10:08:54" hostname="Karo-AI" time="0.035">
  <properties/>
  <testcase name="testOddNumbersExterminatorEmptyList" classname="com.kodilla.testing.collection.CollectionTestSuite" time="0.03"/>
  <testcase name="testOddNumbersExterminatorNormalList" classname="com.kodilla.testing.collection.CollectionTestSuite" time="0.003"/>
  <system-out><![CDATA[Test Suite: begin
Test Case: begin
The chosen even numbers are as follows:[]
Test Case: end
Test Case: begin
Entered number cannot be joined to the scope
Entered number cannot be joined to the scope
Entered number cannot be joined to the scope
Entered number cannot be joined to the scope
The chosen even numbers are as follows:[2, 4, 6, 8]
Test Case: end
Test Suite: end
]]></system-out>
  <system-err><![CDATA[]]></system-err>
</testsuite>
